<?xml version="1.0" encoding="UTF-8"?>
<testsuite name="mn.data.mysql.dao.BookDaoSpec" tests="7" skipped="0" failures="0" errors="0" timestamp="2022-01-19T19:27:22" hostname="BLRETV-C02FXBDF" time="0.057">
  <properties/>
  <testcase name="findByCategoryTest()" classname="mn.data.mysql.dao.BookDaoSpec" time="0.04"/>
  <testcase name="findByTitleTest()" classname="mn.data.mysql.dao.BookDaoSpec" time="0.003"/>
  <testcase name="findByPubDateTest()" classname="mn.data.mysql.dao.BookDaoSpec" time="0.002"/>
  <testcase name="getAllBooksTest()" classname="mn.data.mysql.dao.BookDaoSpec" time="0.002"/>
  <testcase name="findAllByAuthorNameTest()" classname="mn.data.mysql.dao.BookDaoSpec" time="0.002"/>
  <testcase name="findByIsbnTest()" classname="mn.data.mysql.dao.BookDaoSpec" time="0.002"/>
  <testcase name="findBySellPriceTest()" classname="mn.data.mysql.dao.BookDaoSpec" time="0.002"/>
  <system-out><![CDATA[?[36m00:57:22.675?[0;39m ?[1;30m[Test worker]?[0;39m ?[34mINFO ?[0;39m ?[35mi.m.context.env.DefaultEnvironment?[0;39m - Established active environments: [test]
?[36m00:57:22.701?[0;39m ?[1;30m[Test worker]?[0;39m ?[34mINFO ?[0;39m ?[35mcom.zaxxer.hikari.HikariDataSource?[0;39m - HikariPool-2 - Starting...
?[36m00:57:22.705?[0;39m ?[1;30m[Test worker]?[0;39m ?[34mINFO ?[0;39m ?[35mcom.zaxxer.hikari.HikariDataSource?[0;39m - HikariPool-2 - Start completed.
?[36m00:57:22.706?[0;39m ?[1;30m[Test worker]?[0;39m ?[34mINFO ?[0;39m ?[35mi.m.flyway.AbstractFlywayMigration?[0;39m - Running migrations for database with qualifier [default]
?[36m00:57:22.708?[0;39m ?[1;30m[Test worker]?[0;39m ?[34mINFO ?[0;39m ?[35mo.f.c.i.license.VersionPrinter?[0;39m - Flyway Community Edition 7.15.0 by Redgate
?[36m00:57:22.708?[0;39m ?[1;30m[Test worker]?[0;39m ?[34mINFO ?[0;39m ?[35mo.f.c.i.d.base.BaseDatabaseType?[0;39m - Database: jdbc:mysql://localhost/exampleDB (MySQL 5.7)
?[36m00:57:22.720?[0;39m ?[1;30m[Test worker]?[0;39m ?[34mINFO ?[0;39m ?[35mo.f.core.internal.command.DbValidate?[0;39m - Successfully validated 1 migration (execution time 00:00.003s)
?[36m00:57:22.723?[0;39m ?[1;30m[Test worker]?[0;39m ?[34mINFO ?[0;39m ?[35mo.f.core.internal.command.DbMigrate?[0;39m - Current version of schema `exampledb`: 1.0
?[36m00:57:22.724?[0;39m ?[1;30m[Test worker]?[0;39m ?[34mINFO ?[0;39m ?[35mo.f.core.internal.command.DbMigrate?[0;39m - Schema `exampledb` is up to date. No migration necessary.
?[36m00:57:22.738?[0;39m ?[1;30m[Test worker]?[0;39m ?[34mINFO ?[0;39m ?[35morg.hibernate.dialect.Dialect?[0;39m - HHH000400: Using dialect: org.hibernate.dialect.MySQL57Dialect
?[36m00:57:22.880?[0;39m ?[1;30m[Test worker]?[0;39m ?[34mINFO ?[0;39m ?[35mcom.zaxxer.hikari.HikariDataSource?[0;39m - HikariPool-2 - Shutdown initiated...
?[36m00:57:22.881?[0;39m ?[1;30m[Test worker]?[0;39m ?[34mINFO ?[0;39m ?[35mcom.zaxxer.hikari.HikariDataSource?[0;39m - HikariPool-2 - Shutdown completed.
]]></system-out>
  <system-err><![CDATA[]]></system-err>
</testsuite>
